<?xml version="1.0" encoding="UTF-8"?>
<!-- Generated by org.testng.reporters.JUnitReportReporter -->
<testsuite skipped="0" hostname="DESKTOP-3L3SNLT" name="class2" tests="2" failures="0" timestamp="03 Aug 2019 08:44:44 GMT" time="17.620" errors="0">
  <testcase name="f" time="10.200" classname="class2"/>
  <testcase name="f1" time="7.420" classname="class2"/>
</testsuite> <!-- class2 -->
