<?xml version="1.0" encoding="UTF-8"?>
<!-- Generated by org.testng.reporters.JUnitReportReporter -->
<testsuite skipped="0" hostname="DESKTOP-3L3SNLT" name="class2" tests="2" failures="0" timestamp="03 Aug 2019 08:45:22 GMT" time="15.727" errors="0">
  <testcase name="f" time="8.439" classname="class2"/>
  <testcase name="f1" time="7.288" classname="class2"/>
</testsuite> <!-- class2 -->
