<?xml version="1.0" encoding="UTF-8"?>
<!-- Generated by org.testng.reporters.JUnitReportReporter -->
<testsuite skipped="0" hostname="DESKTOP-3L3SNLT" name="class2" tests="1" failures="0" timestamp="03 Aug 2019 08:16:21 GMT" time="9.181" errors="0">
  <testcase name="f" time="9.181" classname="class2"/>
</testsuite> <!-- class2 -->
